<?xml version="1.0" encoding="UTF-8" ?>
<testsuites name="vitest tests" tests="17" failures="0" errors="0" time="0.096099167">
    <testsuite name="packages/client/src/__tests__/unit/hooks/form/useRecipeForm.test.tsx" timestamp="2025-07-11T11:22:53.381Z" hostname="MacBookPro.attlocal.net" tests="17" failures="0" errors="0" skipped="0" time="0.096099167">
        <testcase classname="packages/client/src/__tests__/unit/hooks/form/useRecipeForm.test.tsx" name="useRecipeForm &gt; initialization &gt; returns initial form state" time="0.008486041">
        </testcase>
        <testcase classname="packages/client/src/__tests__/unit/hooks/form/useRecipeForm.test.tsx" name="useRecipeForm &gt; initialization &gt; isEditing is true if id param exists" time="0.002396375">
        </testcase>
        <testcase classname="packages/client/src/__tests__/unit/hooks/form/useRecipeForm.test.tsx" name="useRecipeForm &gt; initialization &gt; loads existing recipe data when editing" time="0.054683667">
        </testcase>
        <testcase classname="packages/client/src/__tests__/unit/hooks/form/useRecipeForm.test.tsx" name="useRecipeForm &gt; initialization &gt; handles missing recipe data gracefully" time="0.003532709">
        </testcase>
        <testcase classname="packages/client/src/__tests__/unit/hooks/form/useRecipeForm.test.tsx" name="useRecipeForm &gt; form data updates &gt; updates form data" time="0.001422042">
        </testcase>
        <testcase classname="packages/client/src/__tests__/unit/hooks/form/useRecipeForm.test.tsx" name="useRecipeForm &gt; form data updates &gt; updates multiple form fields" time="0.000851667">
        </testcase>
        <testcase classname="packages/client/src/__tests__/unit/hooks/form/useRecipeForm.test.tsx" name="useRecipeForm &gt; image handling &gt; sets image preview on handleImageChange" time="0.000698541">
        </testcase>
        <testcase classname="packages/client/src/__tests__/unit/hooks/form/useRecipeForm.test.tsx" name="useRecipeForm &gt; image handling &gt; handles image change with no files" time="0.000441458">
        </testcase>
        <testcase classname="packages/client/src/__tests__/unit/hooks/form/useRecipeForm.test.tsx" name="useRecipeForm &gt; image handling &gt; removes image preview" time="0.001478583">
        </testcase>
        <testcase classname="packages/client/src/__tests__/unit/hooks/form/useRecipeForm.test.tsx" name="useRecipeForm &gt; form submission &gt; handles successful recipe creation" time="0.004666708">
        </testcase>
        <testcase classname="packages/client/src/__tests__/unit/hooks/form/useRecipeForm.test.tsx" name="useRecipeForm &gt; form submission &gt; handles successful recipe update" time="0.004474292">
        </testcase>
        <testcase classname="packages/client/src/__tests__/unit/hooks/form/useRecipeForm.test.tsx" name="useRecipeForm &gt; form submission &gt; handles validation failure" time="0.000700209">
        </testcase>
        <testcase classname="packages/client/src/__tests__/unit/hooks/form/useRecipeForm.test.tsx" name="useRecipeForm &gt; form submission &gt; handles creation error" time="0.002197375">
        </testcase>
        <testcase classname="packages/client/src/__tests__/unit/hooks/form/useRecipeForm.test.tsx" name="useRecipeForm &gt; form submission &gt; handles update error" time="0.004364417">
        </testcase>
        <testcase classname="packages/client/src/__tests__/unit/hooks/form/useRecipeForm.test.tsx" name="useRecipeForm &gt; form submission &gt; handles generic error without response" time="0.002481167">
        </testcase>
        <testcase classname="packages/client/src/__tests__/unit/hooks/form/useRecipeForm.test.tsx" name="useRecipeForm &gt; navigation &gt; handles cancel navigation" time="0.000542833">
        </testcase>
        <testcase classname="packages/client/src/__tests__/unit/hooks/form/useRecipeForm.test.tsx" name="useRecipeForm &gt; error handling &gt; returns validation errors" time="0.000422375">
        </testcase>
    </testsuite>
</testsuites>
