<?xml version="1.0" encoding="UTF-8" ?>
<testsuites name="vitest tests" tests="67" failures="0" errors="0" time="0.019615708">
    <testsuite name="packages/shared/src/__tests__/utils/string.test.ts" timestamp="2025-07-11T04:44:41.680Z" hostname="MacBookPro.attlocal.net" tests="67" failures="0" errors="0" skipped="0" time="0.019615708">
        <testcase classname="packages/shared/src/__tests__/utils/string.test.ts" name="String Utilities &gt; capitalize &gt; should capitalize first letter" time="0.000683792">
        </testcase>
        <testcase classname="packages/shared/src/__tests__/utils/string.test.ts" name="String Utilities &gt; capitalize &gt; should handle empty string" time="0.000081458">
        </testcase>
        <testcase classname="packages/shared/src/__tests__/utils/string.test.ts" name="String Utilities &gt; capitalize &gt; should handle single character" time="0.000133167">
        </testcase>
        <testcase classname="packages/shared/src/__tests__/utils/string.test.ts" name="String Utilities &gt; capitalize &gt; should only capitalize first letter" time="0.000131875">
        </testcase>
        <testcase classname="packages/shared/src/__tests__/utils/string.test.ts" name="String Utilities &gt; capitalize &gt; should handle special characters" time="0.000125917">
        </testcase>
        <testcase classname="packages/shared/src/__tests__/utils/string.test.ts" name="String Utilities &gt; toTitleCase &gt; should convert to title case" time="0.000190125">
        </testcase>
        <testcase classname="packages/shared/src/__tests__/utils/string.test.ts" name="String Utilities &gt; toTitleCase &gt; should handle single word" time="0.000051792">
        </testcase>
        <testcase classname="packages/shared/src/__tests__/utils/string.test.ts" name="String Utilities &gt; toTitleCase &gt; should handle empty string" time="0.000077">
        </testcase>
        <testcase classname="packages/shared/src/__tests__/utils/string.test.ts" name="String Utilities &gt; toTitleCase &gt; should handle mixed case" time="0.000173708">
        </testcase>
        <testcase classname="packages/shared/src/__tests__/utils/string.test.ts" name="String Utilities &gt; toTitleCase &gt; should handle special characters" time="0.000073667">
        </testcase>
        <testcase classname="packages/shared/src/__tests__/utils/string.test.ts" name="String Utilities &gt; toKebabCase &gt; should convert to kebab case" time="0.000140917">
        </testcase>
        <testcase classname="packages/shared/src/__tests__/utils/string.test.ts" name="String Utilities &gt; toKebabCase &gt; should handle camelCase" time="0.000047375">
        </testcase>
        <testcase classname="packages/shared/src/__tests__/utils/string.test.ts" name="String Utilities &gt; toKebabCase &gt; should handle underscores" time="0.000036084">
        </testcase>
        <testcase classname="packages/shared/src/__tests__/utils/string.test.ts" name="String Utilities &gt; toKebabCase &gt; should handle multiple spaces" time="0.000034">
        </testcase>
        <testcase classname="packages/shared/src/__tests__/utils/string.test.ts" name="String Utilities &gt; toKebabCase &gt; should handle empty string" time="0.00003225">
        </testcase>
        <testcase classname="packages/shared/src/__tests__/utils/string.test.ts" name="String Utilities &gt; toCamelCase &gt; should convert to camel case" time="0.000107208">
        </testcase>
        <testcase classname="packages/shared/src/__tests__/utils/string.test.ts" name="String Utilities &gt; toCamelCase &gt; should handle kebab case" time="0.000043083">
        </testcase>
        <testcase classname="packages/shared/src/__tests__/utils/string.test.ts" name="String Utilities &gt; toCamelCase &gt; should handle underscores" time="0.000030583">
        </testcase>
        <testcase classname="packages/shared/src/__tests__/utils/string.test.ts" name="String Utilities &gt; toCamelCase &gt; should handle mixed separators" time="0.000033541">
        </testcase>
        <testcase classname="packages/shared/src/__tests__/utils/string.test.ts" name="String Utilities &gt; toCamelCase &gt; should handle empty string" time="0.000028583">
        </testcase>
        <testcase classname="packages/shared/src/__tests__/utils/string.test.ts" name="String Utilities &gt; truncate &gt; should truncate long strings" time="0.00005625">
        </testcase>
        <testcase classname="packages/shared/src/__tests__/utils/string.test.ts" name="String Utilities &gt; truncate &gt; should handle custom suffix" time="0.000031792">
        </testcase>
        <testcase classname="packages/shared/src/__tests__/utils/string.test.ts" name="String Utilities &gt; truncate &gt; should handle empty string" time="0.000028625">
        </testcase>
        <testcase classname="packages/shared/src/__tests__/utils/string.test.ts" name="String Utilities &gt; truncate &gt; should handle zero length" time="0.000029">
        </testcase>
        <testcase classname="packages/shared/src/__tests__/utils/string.test.ts" name="String Utilities &gt; truncate &gt; should handle negative length" time="0.000033">
        </testcase>
        <testcase classname="packages/shared/src/__tests__/utils/string.test.ts" name="String Utilities &gt; stripHtml &gt; should remove HTML tags" time="0.00007175">
        </testcase>
        <testcase classname="packages/shared/src/__tests__/utils/string.test.ts" name="String Utilities &gt; stripHtml &gt; should handle self-closing tags" time="0.000041042">
        </testcase>
        <testcase classname="packages/shared/src/__tests__/utils/string.test.ts" name="String Utilities &gt; stripHtml &gt; should handle nested tags" time="0.000029709">
        </testcase>
        <testcase classname="packages/shared/src/__tests__/utils/string.test.ts" name="String Utilities &gt; stripHtml &gt; should handle empty string" time="0.000033">
        </testcase>
        <testcase classname="packages/shared/src/__tests__/utils/string.test.ts" name="String Utilities &gt; stripHtml &gt; should handle text without HTML" time="0.000032333">
        </testcase>
        <testcase classname="packages/shared/src/__tests__/utils/string.test.ts" name="String Utilities &gt; slugify &gt; should create valid slugs" time="0.000158375">
        </testcase>
        <testcase classname="packages/shared/src/__tests__/utils/string.test.ts" name="String Utilities &gt; slugify &gt; should handle special characters" time="0.000049375">
        </testcase>
        <testcase classname="packages/shared/src/__tests__/utils/string.test.ts" name="String Utilities &gt; slugify &gt; should handle accented characters" time="0.000052917">
        </testcase>
        <testcase classname="packages/shared/src/__tests__/utils/string.test.ts" name="String Utilities &gt; slugify &gt; should handle numbers" time="0.000036833">
        </testcase>
        <testcase classname="packages/shared/src/__tests__/utils/string.test.ts" name="String Utilities &gt; slugify &gt; should handle empty string" time="0.000033625">
        </testcase>
        <testcase classname="packages/shared/src/__tests__/utils/string.test.ts" name="String Utilities &gt; slugify &gt; should handle multiple spaces and dashes" time="0.00003625">
        </testcase>
        <testcase classname="packages/shared/src/__tests__/utils/string.test.ts" name="String Utilities &gt; getInitials &gt; should get initials from name" time="0.000067417">
        </testcase>
        <testcase classname="packages/shared/src/__tests__/utils/string.test.ts" name="String Utilities &gt; getInitials &gt; should handle single name" time="0.000031958">
        </testcase>
        <testcase classname="packages/shared/src/__tests__/utils/string.test.ts" name="String Utilities &gt; getInitials &gt; should handle empty string" time="0.0000295">
        </testcase>
        <testcase classname="packages/shared/src/__tests__/utils/string.test.ts" name="String Utilities &gt; getInitials &gt; should handle extra spaces" time="0.000032084">
        </testcase>
        <testcase classname="packages/shared/src/__tests__/utils/string.test.ts" name="String Utilities &gt; getInitials &gt; should handle lowercase names" time="0.000033083">
        </testcase>
        <testcase classname="packages/shared/src/__tests__/utils/string.test.ts" name="String Utilities &gt; getInitials &gt; should limit to 3 initials maximum" time="0.000049666">
        </testcase>
        <testcase classname="packages/shared/src/__tests__/utils/string.test.ts" name="String Utilities &gt; isValidEmail &gt; should validate correct emails" time="0.000104959">
        </testcase>
        <testcase classname="packages/shared/src/__tests__/utils/string.test.ts" name="String Utilities &gt; isValidEmail &gt; should reject invalid emails" time="0.00006375">
        </testcase>
        <testcase classname="packages/shared/src/__tests__/utils/string.test.ts" name="String Utilities &gt; isValidEmail &gt; should handle empty string" time="0.000032583">
        </testcase>
        <testcase classname="packages/shared/src/__tests__/utils/string.test.ts" name="String Utilities &gt; isValidEmail &gt; should handle whitespace" time="0.000049417">
        </testcase>
        <testcase classname="packages/shared/src/__tests__/utils/string.test.ts" name="String Utilities &gt; formatNumber &gt; should format numbers with commas" time="0.011804334">
        </testcase>
        <testcase classname="packages/shared/src/__tests__/utils/string.test.ts" name="String Utilities &gt; formatNumber &gt; should handle decimal numbers" time="0.000120042">
        </testcase>
        <testcase classname="packages/shared/src/__tests__/utils/string.test.ts" name="String Utilities &gt; formatNumber &gt; should handle negative numbers" time="0.000070042">
        </testcase>
        <testcase classname="packages/shared/src/__tests__/utils/string.test.ts" name="String Utilities &gt; formatNumber &gt; should handle zero" time="0.00006075">
        </testcase>
        <testcase classname="packages/shared/src/__tests__/utils/string.test.ts" name="String Utilities &gt; formatNumber &gt; should handle small numbers" time="0.000060541">
        </testcase>
        <testcase classname="packages/shared/src/__tests__/utils/string.test.ts" name="String Utilities &gt; generateRandomString &gt; should generate string of specified length" time="0.000581042">
        </testcase>
        <testcase classname="packages/shared/src/__tests__/utils/string.test.ts" name="String Utilities &gt; generateRandomString &gt; should generate different strings" time="0.000300708">
        </testcase>
        <testcase classname="packages/shared/src/__tests__/utils/string.test.ts" name="String Utilities &gt; generateRandomString &gt; should handle zero length" time="0.000041">
        </testcase>
        <testcase classname="packages/shared/src/__tests__/utils/string.test.ts" name="String Utilities &gt; generateRandomString &gt; should only contain valid characters" time="0.000079084">
        </testcase>
        <testcase classname="packages/shared/src/__tests__/utils/string.test.ts" name="String Utilities &gt; isWhitespace &gt; should identify whitespace strings" time="0.000066917">
        </testcase>
        <testcase classname="packages/shared/src/__tests__/utils/string.test.ts" name="String Utilities &gt; isWhitespace &gt; should identify non-whitespace strings" time="0.000053666">
        </testcase>
        <testcase classname="packages/shared/src/__tests__/utils/string.test.ts" name="String Utilities &gt; countWords &gt; should count words correctly" time="0.000115583">
        </testcase>
        <testcase classname="packages/shared/src/__tests__/utils/string.test.ts" name="String Utilities &gt; countWords &gt; should handle single word" time="0.000036167">
        </testcase>
        <testcase classname="packages/shared/src/__tests__/utils/string.test.ts" name="String Utilities &gt; countWords &gt; should handle empty string" time="0.000032417">
        </testcase>
        <testcase classname="packages/shared/src/__tests__/utils/string.test.ts" name="String Utilities &gt; countWords &gt; should handle multiple spaces" time="0.00003475">
        </testcase>
        <testcase classname="packages/shared/src/__tests__/utils/string.test.ts" name="String Utilities &gt; countWords &gt; should handle leading/trailing spaces" time="0.000034">
        </testcase>
        <testcase classname="packages/shared/src/__tests__/utils/string.test.ts" name="String Utilities &gt; escapeHtml &gt; should escape HTML entities" time="0.000098416">
        </testcase>
        <testcase classname="packages/shared/src/__tests__/utils/string.test.ts" name="String Utilities &gt; escapeHtml &gt; should handle quotes" time="0.000084375">
        </testcase>
        <testcase classname="packages/shared/src/__tests__/utils/string.test.ts" name="String Utilities &gt; escapeHtml &gt; should handle empty string" time="0.000033583">
        </testcase>
        <testcase classname="packages/shared/src/__tests__/utils/string.test.ts" name="String Utilities &gt; escapeHtml &gt; should handle text without HTML" time="0.0000335">
        </testcase>
        <testcase classname="packages/shared/src/__tests__/utils/string.test.ts" name="String Utilities &gt; escapeHtml &gt; should handle multiple entities" time="0.000036708">
        </testcase>
    </testsuite>
</testsuites>
