<?xml version="1.0" encoding="UTF-8" ?>
<testsuites name="vitest tests" tests="49" failures="0" errors="0" time="0.034616625">
    <testsuite name="src/__tests__/types.test.ts" timestamp="2025-07-10T08:32:34.064Z" hostname="MacBookPro.attlocal.net" tests="24" failures="0" errors="0" skipped="0" time="0.018053041">
        <testcase classname="src/__tests__/types.test.ts" name="User Types &gt; UserSchema &gt; should validate a valid user object" time="0.002349625">
        </testcase>
        <testcase classname="src/__tests__/types.test.ts" name="User Types &gt; UserSchema &gt; should reject invalid user objects" time="0.003023458">
        </testcase>
        <testcase classname="src/__tests__/types.test.ts" name="User Types &gt; UserSchema &gt; should handle date parsing" time="0.000169709">
        </testcase>
        <testcase classname="src/__tests__/types.test.ts" name="User Types &gt; UserCredentialsSchema &gt; should validate valid login requests" time="0.000215292">
        </testcase>
        <testcase classname="src/__tests__/types.test.ts" name="User Types &gt; UserCredentialsSchema &gt; should reject invalid login requests" time="0.000175">
        </testcase>
        <testcase classname="src/__tests__/types.test.ts" name="User Types &gt; UserRegistrationSchema &gt; should validate valid registration requests" time="0.000108584">
        </testcase>
        <testcase classname="src/__tests__/types.test.ts" name="User Types &gt; UserRegistrationSchema &gt; should reject invalid registration requests" time="0.000153833">
        </testcase>
        <testcase classname="src/__tests__/types.test.ts" name="User Types &gt; UserRegistrationSchema &gt; should validate name length constraints" time="0.000094167">
        </testcase>
        <testcase classname="src/__tests__/types.test.ts" name="Recipe Types &gt; RecipeSchema &gt; should validate a valid recipe object" time="0.000467458">
        </testcase>
        <testcase classname="src/__tests__/types.test.ts" name="Recipe Types &gt; RecipeSchema &gt; should reject invalid recipe objects" time="0.000423834">
        </testcase>
        <testcase classname="src/__tests__/types.test.ts" name="Recipe Types &gt; RecipeSchema &gt; should handle optional fields" time="0.005540917">
        </testcase>
        <testcase classname="src/__tests__/types.test.ts" name="Recipe Types &gt; RecipeCreateSchema &gt; should validate valid create recipe requests" time="0.000665708">
        </testcase>
        <testcase classname="src/__tests__/types.test.ts" name="Recipe Types &gt; RecipeCreateSchema &gt; should reject invalid create recipe requests" time="0.000382">
        </testcase>
        <testcase classname="src/__tests__/types.test.ts" name="Recipe Types &gt; RecipeUpdateSchema &gt; should validate valid update recipe requests" time="0.000138125">
        </testcase>
        <testcase classname="src/__tests__/types.test.ts" name="Recipe Types &gt; RecipeUpdateSchema &gt; should allow partial updates" time="0.000216292">
        </testcase>
        <testcase classname="src/__tests__/types.test.ts" name="Recipe Types &gt; RecipeUpdateSchema &gt; should reject invalid update recipe requests" time="0.000634">
        </testcase>
        <testcase classname="src/__tests__/types.test.ts" name="API Types &gt; ApiResponseSchema &gt; should validate valid API responses" time="0.000314875">
        </testcase>
        <testcase classname="src/__tests__/types.test.ts" name="API Types &gt; ApiResponseSchema &gt; should reject invalid API responses" time="0.000115875">
        </testcase>
        <testcase classname="src/__tests__/types.test.ts" name="API Types &gt; ErrorResponseSchema &gt; should validate valid error responses" time="0.000227042">
        </testcase>
        <testcase classname="src/__tests__/types.test.ts" name="API Types &gt; ErrorResponseSchema &gt; should reject invalid error responses" time="0.000138917">
        </testcase>
        <testcase classname="src/__tests__/types.test.ts" name="Type Inference &gt; should infer correct types from schemas" time="0.0001155">
        </testcase>
        <testcase classname="src/__tests__/types.test.ts" name="Type Inference &gt; should handle complex nested types" time="0.00012575">
        </testcase>
        <testcase classname="src/__tests__/types.test.ts" name="Schema Composition &gt; should compose schemas correctly" time="0.000159">
        </testcase>
        <testcase classname="src/__tests__/types.test.ts" name="Schema Composition &gt; should handle schema picking and omitting" time="0.000134083">
        </testcase>
    </testsuite>
    <testsuite name="src/__tests__/validation.test.ts" timestamp="2025-07-10T08:32:34.077Z" hostname="MacBookPro.attlocal.net" tests="25" failures="0" errors="0" skipped="0" time="0.016563584">
        <testcase classname="src/__tests__/validation.test.ts" name="Validation Functions &gt; validateEmail &gt; should return true for valid email addresses" time="0.001295">
        </testcase>
        <testcase classname="src/__tests__/validation.test.ts" name="Validation Functions &gt; validateEmail &gt; should return false for invalid email addresses" time="0.000261167">
        </testcase>
        <testcase classname="src/__tests__/validation.test.ts" name="Validation Functions &gt; validateEmail &gt; should handle edge cases" time="0.000065167">
        </testcase>
        <testcase classname="src/__tests__/validation.test.ts" name="Validation Functions &gt; validatePassword &gt; should return valid result for strong passwords" time="0.001164792">
        </testcase>
        <testcase classname="src/__tests__/validation.test.ts" name="Validation Functions &gt; validatePassword &gt; should return invalid result for weak passwords" time="0.001733208">
        </testcase>
        <testcase classname="src/__tests__/validation.test.ts" name="Validation Functions &gt; validatePassword &gt; should handle edge cases" time="0.00090925">
        </testcase>
        <testcase classname="src/__tests__/validation.test.ts" name="Validation Functions &gt; validateRecipe &gt; should return valid result for complete recipe data" time="0.000538583">
        </testcase>
        <testcase classname="src/__tests__/validation.test.ts" name="Validation Functions &gt; validateRecipe &gt; should return invalid result for missing required fields" time="0.00035325">
        </testcase>
        <testcase classname="src/__tests__/validation.test.ts" name="Validation Functions &gt; validateRecipe &gt; should validate title constraints" time="0.000315833">
        </testcase>
        <testcase classname="src/__tests__/validation.test.ts" name="Validation Functions &gt; validateRecipe &gt; should validate ingredients format" time="0.0002845">
        </testcase>
        <testcase classname="src/__tests__/validation.test.ts" name="Validation Functions &gt; validateRecipe &gt; should validate cook_time constraints" time="0.000104875">
        </testcase>
        <testcase classname="src/__tests__/validation.test.ts" name="Validation Functions &gt; validateRecipe &gt; should validate servings constraints" time="0.000081709">
        </testcase>
        <testcase classname="src/__tests__/validation.test.ts" name="Validation Functions &gt; validateRecipe &gt; should validate difficulty values" time="0.000107667">
        </testcase>
        <testcase classname="src/__tests__/validation.test.ts" name="Validation Functions &gt; validateRecipe &gt; should validate tags format" time="0.000090959">
        </testcase>
        <testcase classname="src/__tests__/validation.test.ts" name="Validation Functions &gt; validateRecipe &gt; should handle optional fields" time="0.000056083">
        </testcase>
        <testcase classname="src/__tests__/validation.test.ts" name="Validation Functions &gt; validateUser &gt; should return valid result for complete user data" time="0.000116042">
        </testcase>
        <testcase classname="src/__tests__/validation.test.ts" name="Validation Functions &gt; validateUser &gt; should return invalid result for missing required fields" time="0.00010675">
        </testcase>
        <testcase classname="src/__tests__/validation.test.ts" name="Validation Functions &gt; validateUser &gt; should validate email format" time="0.000060209">
        </testcase>
        <testcase classname="src/__tests__/validation.test.ts" name="Validation Functions &gt; validateUser &gt; should validate name constraints" time="0.0000595">
        </testcase>
        <testcase classname="src/__tests__/validation.test.ts" name="Validation Functions &gt; validateUser &gt; should validate password strength" time="0.000058375">
        </testcase>
        <testcase classname="src/__tests__/validation.test.ts" name="ValidationError Class &gt; should create ValidationError with proper properties" time="0.003595042">
        </testcase>
        <testcase classname="src/__tests__/validation.test.ts" name="ValidationError Class &gt; should convert to API error format" time="0.001000209">
        </testcase>
        <testcase classname="src/__tests__/validation.test.ts" name="validate function &gt; should return parsed data when validation succeeds" time="0.000821958">
        </testcase>
        <testcase classname="src/__tests__/validation.test.ts" name="validate function &gt; should throw ValidationError when validation fails" time="0.000356125">
        </testcase>
        <testcase classname="src/__tests__/validation.test.ts" name="validate function &gt; should handle complex nested validation" time="0.001267458">
        </testcase>
    </testsuite>
</testsuites>
