<?xml version="1.0" encoding="UTF-8" ?>
<testsuites name="vitest tests" tests="5" failures="0" errors="0" time="0.070056125">
    <testsuite name="src/__tests__/components/ErrorBoundary.test.tsx" timestamp="2025-07-10T05:56:45.666Z" hostname="MacBookPro.attlocal.net" tests="3" failures="0" errors="0" skipped="0" time="0.041551542">
        <testcase classname="src/__tests__/components/ErrorBoundary.test.tsx" name="ErrorBoundary &gt; renders children when there is no error" time="0.014064625">
        </testcase>
        <testcase classname="src/__tests__/components/ErrorBoundary.test.tsx" name="ErrorBoundary &gt; renders error UI when there is an error" time="0.020166334">
        </testcase>
        <testcase classname="src/__tests__/components/ErrorBoundary.test.tsx" name="ErrorBoundary &gt; shows generic error message" time="0.0062305">
        </testcase>
    </testsuite>
    <testsuite name="src/__tests__/components/Layout.test.tsx" timestamp="2025-07-10T05:56:45.668Z" hostname="MacBookPro.attlocal.net" tests="2" failures="0" errors="0" skipped="0" time="0.028504583">
        <testcase classname="src/__tests__/components/Layout.test.tsx" name="Layout &gt; renders navigation and children" time="0.021924792">
            <system-err>
⚠️ React Router Future Flag Warning: React Router will begin wrapping state updates in `React.startTransition` in v7. You can use the `v7_startTransition` future flag to opt-in early. For more information, see https://reactrouter.com/v6/upgrading/future#v7_starttransition.
⚠️ React Router Future Flag Warning: Relative route resolution within Splat routes is changing in v7. You can use the `v7_relativeSplatPath` future flag to opt-in early. For more information, see https://reactrouter.com/v6/upgrading/future#v7_relativesplatpath.

            </system-err>
        </testcase>
        <testcase classname="src/__tests__/components/Layout.test.tsx" name="Layout &gt; applies correct layout structure" time="0.005302125">
        </testcase>
    </testsuite>
</testsuites>
